<?xml version="1.0" encoding="UTF-8"?>
<!-- Generated by org.testng.reporters.JUnitXMLReporter -->
<testsuite hostname="DESKTOP-CDUFPR7" ignored="2" name="login Tests" tests="6" failures="0" timestamp="2020-12-04T12:08:06 EST" time="0.083" errors="0">
  <testcase name="testOne" time="0.005" classname="demo.testng.Annotations2"/>
  <testcase name="testThree" time="0.001" classname="demo.testng.Annotations2"/>
  <testcase name="testTwo" time="0.002" classname="demo.testng.Annotations2"/>
  <testcase name="testOne" time="0.001" classname="demo.testng.Annotations3"/>
  <testcase name="testThree" time="0.001" classname="demo.testng.Annotations3"/>
  <testcase name="testTwo" time="0.003" classname="demo.testng.Annotations3"/>
  <testcase name="@BeforeSuite invoke_browser" time="0.0" classname="net.techcenture.core.InitDriver">
    <ignored/>
  </testcase> <!-- @BeforeSuite invoke_browser -->
  <testcase name="@AfterSuite close_browser" time="0.0" classname="net.techcenture.core.InitDriver">
    <ignored/>
  </testcase> <!-- @AfterSuite close_browser -->
</testsuite> <!-- login Tests -->
