<?xml version="1.0" encoding="UTF-8"?>
<!-- Generated by org.testng.reporters.JUnitXMLReporter -->
<testsuite hostname="DESKTOP-CDUFPR7" ignored="1" name="Default test" tests="1" failures="0" timestamp="2020-12-05T23:20:57 EST" time="9.274" errors="0">
  <testcase name="SearchTest1" time="1.391" classname="net.techcenture.automation.tests1.Search"/>
  <testcase name="SearchTest2" time="0.0" classname="net.techcenture.automation.tests1.Search">
    <ignored/>
  </testcase> <!-- SearchTest2 -->
</testsuite> <!-- Default test -->
