<?xml version="1.0" encoding="UTF-8"?>
<testng-results skipped="0" failed="0" ignored="1" total="2" passed="1">
  <reporter-output>
  </reporter-output>
  <suite name="Default suite" duration-ms="9274" started-at="2020-12-05T23:20:48 EST" finished-at="2020-12-05T23:20:57 EST">
    <groups>
    </groups>
    <test name="Default test" duration-ms="9274" started-at="2020-12-05T23:20:48 EST" finished-at="2020-12-05T23:20:57 EST">
      <class name="net.techcenture.automation.tests1.Search">
        <test-method status="PASS" signature="invoke_browser(java.lang.String)[pri:0, instance:net.techcenture.automation.tests1.Search@51e2adc7]" name="invoke_browser" is-config="true" duration-ms="7668" started-at="2020-12-05T23:20:48 EST" finished-at="2020-12-05T23:20:55 EST">
          <params>
            <param index="0">
              <value>
                <![CDATA[chrome]]>
              </value>
            </param>
          </params>
          <reporter-output>
          </reporter-output>
        </test-method> <!-- invoke_browser -->
        <test-method status="PASS" signature="SearchTest1()[pri:0, instance:net.techcenture.automation.tests1.Search@51e2adc7]" name="SearchTest1" duration-ms="1391" started-at="2020-12-05T23:20:55 EST" finished-at="2020-12-05T23:20:57 EST">
          <reporter-output>
          </reporter-output>
        </test-method> <!-- SearchTest1 -->
        <test-method status="PASS" signature="close_browser()[pri:0, instance:net.techcenture.automation.tests1.Search@51e2adc7]" name="close_browser" is-config="true" duration-ms="163" started-at="2020-12-05T23:20:57 EST" finished-at="2020-12-05T23:20:57 EST">
          <reporter-output>
          </reporter-output>
        </test-method> <!-- close_browser -->
      </class> <!-- net.techcenture.automation.tests1.Search -->
    </test> <!-- Default test -->
  </suite> <!-- Default suite -->
</testng-results>
