<?xml version="1.0" encoding="UTF-8"?>
<!-- Generated by org.testng.reporters.JUnitXMLReporter -->
<testsuite hostname="DESKTOP-CDUFPR7" ignored="0" name="Registration Test in chrome rowser" tests="3" failures="0" timestamp="2020-12-05T23:13:59 EST" time="23.786" errors="0">
  <testcase name="RegisterrAuser" time="1.322" classname="net.techcenture.automation.tests1.Registration"/>
  <testcase name="RegistrationTest2" time="1.769" classname="net.techcenture.automation.tests1.Registration"/>
  <testcase name="RegistrationTest3" time="1.884" classname="net.techcenture.automation.tests1.Registration"/>
</testsuite> <!-- Registration Test in chrome rowser -->
